2015/07/02 15:04:34 にビルドを開始しました。
     1>ノード 2 上のプロジェクト "c:\Users\PC-4\documents\visual studio 2012\Projects\TemplateMatching\TemplateMatching\TemplateMatching.vcxproj" (Build ターゲット)。
     1>InitializeBuildStatus:
         "Release\TemplateMatching.unsuccessfulbuild" のタッチ タスクを実行しています。
       ClCompile:
         すべての出力が最新のものです。
         C:\Program Files (x86)\Microsoft Visual Studio 11.0\VC\bin\CL.exe /c /Zi /nologo /W3 /WX- /sdl /O2 /Oi /Oy- /GL /D WIN32 /D NDEBUG /D _WINDOWS /D _WINDLL /D _UNICODE /D UNICODE /Gm- /EHsc /MT /GS /Gy /fp:precise /Zc:wchar_t /Zc:forScope /Fo"Release\\" /Fd"Release\vc110.pdb" /Gd /TP /analyze- /errorReport:prompt templatematching.cpp
         templatematching.cpp
       Link:
         C:\Program Files (x86)\Microsoft Visual Studio 11.0\VC\bin\link.exe /ERRORREPORT:PROMPT /OUT:"c:\users\pc-4\documents\visual studio 2012\Projects\TemplateMatching\Release\TemplateMatching.dll" /INCREMENTAL:NO /NOLOGO /LIBPATH:"C:\opencv-2.4.9\build\x86\vc11\staticlib" zlib.lib Comctl32.lib IlmImf.lib libjasper.lib libjpeg.lib libpng.lib libtiff.lib vfw32.lib opencv_videostab249.lib opencv_calib3d249.lib opencv_contrib249.lib opencv_core249.lib opencv_features2d249.lib opencv_flann249.lib opencv_gpu249.lib opencv_highgui249.lib opencv_imgproc249.lib opencv_legacy249.lib opencv_ml249.lib opencv_nonfree249.lib opencv_objdetect249.lib opencv_ocl249.lib opencv_photo249.lib opencv_stitching249.lib opencv_superres249.lib opencv_ts249.lib opencv_video249.lib kernel32.lib user32.lib gdi32.lib winspool.lib comdlg32.lib advapi32.lib shell32.lib ole32.lib oleaut32.lib uuid.lib odbc32.lib odbccp32.lib /MANIFEST /MANIFESTUAC:"level='asInvoker' uiAccess='false'" /manifest:embed /DEBUG /PDB:"c:\users\pc-4\documents\visual studio 2012\Projects\TemplateMatching\Release\TemplateMatching.pdb" /SUBSYSTEM:WINDOWS /OPT:REF /OPT:ICF /LTCG /TLBID:1 /DYNAMICBASE /NXCOMPAT /IMPLIB:"c:\users\pc-4\documents\visual studio 2012\Projects\TemplateMatching\Release\TemplateMatching.lib" /MACHINE:X86 /SAFESEH /DLL Release\templatematching.obj
            ライブラリ c:\users\pc-4\documents\visual studio 2012\Projects\TemplateMatching\Release\TemplateMatching.lib とオブジェクト c:\users\pc-4\documents\visual studio 2012\Projects\TemplateMatching\Release\TemplateMatching.exp を作成中
         コード生成しています。
         コード生成が終了しました。
         TemplateMatching.vcxproj -> c:\users\pc-4\documents\visual studio 2012\Projects\TemplateMatching\Release\TemplateMatching.dll
       FinalizeBuildStatus:
         ファイル "Release\TemplateMatching.unsuccessfulbuild" を削除しています。
         "Release\TemplateMatching.lastbuildstate" のタッチ タスクを実行しています。
     1>プロジェクト "c:\Users\PC-4\documents\visual studio 2012\Projects\TemplateMatching\TemplateMatching\TemplateMatching.vcxproj" (Build ターゲット) のビルドが完了しました。

ビルドに成功しました。

経過時間 00:00:03.23
